make all --print-data-base --no-builtin-variables --no-builtin-rules --question
make: *** No rule to make target 'all'.  Stop.

# GNU Make 4.3
# Built for x86_64-pc-linux-gnu
# Copyright (C) 1988-2020 Free Software Foundation, Inc.
# License GPLv3+: GNU GPL version 3 or later <http://gnu.org/licenses/gpl.html>
# This is free software: you are free to change and redistribute it.
# There is NO WARRANTY, to the extent permitted by law.

# Make data base, printed on Wed Jun  8 12:58:32 2022

# Variables

# environment
GDK_BACKEND = x11
# environment
LC_ALL = C
# environment
GNOME_SHELL_SESSION_MODE = ubuntu
# environment
SSH_AGENT_LAUNCHER = gnome-keyring
# environment
GJS_DEBUG_OUTPUT = stderr
# environment
VSCODE_IPC_HOOK_EXTHOST = /run/user/1000/vscode-ipc-29b76545-9c7d-4a10-9cc7-e149dfc2f533.sock
# environment
VSCODE_CWD = /home/deep
# default
MAKE_COMMAND := make
# environment
QT_ACCESSIBILITY = 1
# automatic
@D = $(patsubst %/,%,$(dir $@))
# environment
VSCODE_HANDLES_UNCAUGHT_ERRORS = true
# default
.VARIABLES := 
# environment
PWD = /home/deep/Documents/wams
# automatic
%D = $(patsubst %/,%,$(dir $%))
# environment
XDG_DATA_DIRS = /usr/share/ubuntu:/usr/local/share/:/usr/share/:/var/lib/snapd/desktop
# automatic
^D = $(patsubst %/,%,$(dir $^))
# environment
VSCODE_LOG_STACK = false
# automatic
%F = $(notdir $%)
# environment
VSCODE_CODE_CACHE_PATH = /home/deep/.config/Code/CachedData/c3511e6c69bb39013c4a4b7b9566ec1ca73fc4d5
# environment
LANG = C
# environment
XAUTHORITY = /run/user/1000/.mutter-Xwaylandauth.2H6YN1
# default
.LOADED := 
# default
.INCLUDE_DIRS = /usr/local/include /usr/include /usr/include
# makefile
MAKEFLAGS = pqrR
# makefile
CURDIR := /home/deep/Documents/wams
# environment
VSCODE_PIPE_LOGGING = true
# environment
APPLICATION_INSIGHTS_NO_DIAGNOSTIC_CHANNEL = 1
# environment
LESSOPEN = | /usr/bin/lesspipe %s
# automatic
*D = $(patsubst %/,%,$(dir $*))
# environment
MFLAGS = -pqrR
# environment
SSH_AUTH_SOCK = /run/user/1000/keyring/ssh
# default
.SHELLFLAGS := -c
# environment
WAYLAND_DISPLAY = wayland-0
# environment
XDG_CONFIG_DIRS = /etc/xdg/xdg-ubuntu:/etc/xdg
# automatic
+D = $(patsubst %/,%,$(dir $+))
# environment
XDG_SESSION_DESKTOP = ubuntu
# makefile (from 'Makefile', line 1)
MAKEFILE_LIST := Makefile
# automatic
@F = $(notdir $@)
# environment
VSCODE_VERBOSE_LOGGING = true
# environment
VSCODE_PID = 7571
# environment
XDG_SESSION_TYPE = wayland
# automatic
?D = $(patsubst %/,%,$(dir $?))
# environment
SESSION_MANAGER = local/deep-ASUS-TUF-Gaming-A15-FA506II-FA566II:@/tmp/.ICE-unix/1834,unix/deep-ASUS-TUF-Gaming-A15-FA506II-FA566II:/tmp/.ICE-unix/1834
# automatic
*F = $(notdir $*)
# environment
CHROME_DESKTOP = code-url-handler.desktop
# environment
DBUS_SESSION_BUS_ADDRESS = unix:path=/run/user/1000/bus
# automatic
<D = $(patsubst %/,%,$(dir $<))
# environment
VSCODE_NLS_CONFIG = {"locale":"en-us","availableLanguages":{},"_languagePackSupport":true}
# default
MAKE_HOST := x86_64-pc-linux-gnu
# environment
GNOME_DESKTOP_SESSION_ID = this-is-deprecated
# makefile
SHELL = /bin/sh
# default
MAKECMDGOALS := all
# environment
XMODIFIERS = @im=ibus
# environment
GJS_DEBUG_TOPICS = JS ERROR;JS LOG
# environment
SHLVL = 0
# environment
MAKELEVEL := 0
# environment
IM_CONFIG_CHECK_ENV = 1
# default
MAKE = $(MAKE_COMMAND)
# environment
PATH = /usr/local/sbin:/usr/local/bin:/usr/sbin:/usr/bin:/sbin:/bin:/usr/games:/usr/local/games:/snap/bin:/snap/bin
# default
MAKEFILES := 
# automatic
^F = $(notdir $^)
# environment
INVOCATION_ID = e1c9498ed0f94770b9ed697766ddd929
# environment
VSCODE_LOG_NATIVE = false
# environment
USERNAME = deep
# environment
GNOME_SETUP_DISPLAY = :1
# environment
LESSCLOSE = /usr/bin/lesspipe %s %s
# automatic
?F = $(notdir $?)
# environment
XDG_CURRENT_DESKTOP = Unity
# environment
LS_COLORS = 
# automatic
+F = $(notdir $+)
# environment
DESKTOP_SESSION = ubuntu
# environment
ORIGINAL_XDG_CURRENT_DESKTOP = ubuntu:GNOME
# 'override' directive
GNUMAKEFLAGS := 
# environment
LOGNAME = deep
# environment
GIO_LAUNCHED_DESKTOP_FILE = /usr/share/applications/code.desktop
# makefile
.DEFAULT_GOAL := lint
# environment
SYSTEMD_EXEC_PID = 1885
# environment
DISPLAY = :0
# environment
USER = deep
# environment
GTK_MODULES = gail:atk-bridge
# default
MAKE_VERSION := 4.3
# environment
MANAGERPID = 1663
# environment
GIO_LAUNCHED_DESKTOP_FILE_PID = 7571
# environment
_ = /usr/share/code/code
# environment
XDG_RUNTIME_DIR = /run/user/1000
# environment
JOURNAL_STREAM = 8:22084
# environment
XDG_SESSION_CLASS = user
# environment
VSCODE_AMD_ENTRYPOINT = vs/workbench/api/node/extensionHostProcess
# environment
HOME = /home/deep
# environment
QT_IM_MODULE = ibus
# environment
ELECTRON_RUN_AS_NODE = 1
# environment
VSCODE_IPC_HOOK = /run/user/1000/vscode-26776abd-1.67.2-main.sock
# environment
IM_CONFIG_PHASE = 1
# default
.RECIPEPREFIX := 
# automatic
<F = $(notdir $<)
# default
SUFFIXES := 
# default
.FEATURES := target-specific order-only second-expansion else-if shortest-stem undefine oneshell nocomment grouped-target extra-prereqs archives jobserver output-sync check-symlink load
# environment
XDG_MENU_PREFIX = gnome-
# environment
GDMSESSION = ubuntu
# variable set hash-table stats:
# Load=99/1024=10%, Rehash=0, Collisions=3/129=2%

# Pattern-specific Variable Values

# No pattern-specific variable values.

# Directories

# . (device 66310, inode 1318359): 26 files, no impossibilities.

# 26 files, no impossibilities in 1 directories.

# Implicit Rules

# No implicit rules.

# Files

fix:
#  Phony target (prerequisite of .PHONY).
#  Implicit rule search has not been done.
#  File does not exist.
#  File has not been updated.
#  recipe to execute (from 'Makefile', line 10):
	npx eslint src --fix;

wams: lint parcel docs tags
#  Phony target (prerequisite of .PHONY).
#  Implicit rule search has not been done.
#  File does not exist.
#  File has not been updated.

lint:
#  Phony target (prerequisite of .PHONY).
#  Implicit rule search has not been done.
#  File does not exist.
#  File has not been updated.
#  recipe to execute (from 'Makefile', line 5):
	npx eslint src;

docs:
#  Phony target (prerequisite of .PHONY).
#  Implicit rule search has not been done.
#  File does not exist.
#  File has not been updated.
#  recipe to execute (from 'Makefile', line 16):
	npx jsdoc -c .jsdocrc.json;

report:
#  Phony target (prerequisite of .PHONY).
#  Implicit rule search has not been done.
#  File does not exist.
#  File has not been updated.
#  recipe to execute (from 'Makefile', line 41):
	pandoc report.md -o report.pdf

# Not a target:
Makefile:
#  Implicit rule search has been done.
#  Last modified 2022-06-06 17:35:35.662751372
#  File has been updated.
#  Successfully updated.

parcel:
#  Phony target (prerequisite of .PHONY).
#  Implicit rule search has not been done.
#  File does not exist.
#  File has not been updated.
#  recipe to execute (from 'Makefile', line 13):
	npx parcel build 'src/client.js' --out-dir dist/wams;
 

# Not a target:
.DEFAULT:
#  Implicit rule search has not been done.
#  Modification time never checked.
#  File has not been updated.

# Not a target:
all:
#  Command line target.
#  Implicit rule search has been done.
#  File does not exist.
#  File has not been updated.

test:
#  Phony target (prerequisite of .PHONY).
#  Implicit rule search has not been done.
#  File does not exist.
#  File has not been updated.
#  recipe to execute (from 'Makefile', line 29):
	npx jest --bail 1

redoc:
#  Implicit rule search has not been done.
#  Modification time never checked.
#  File has not been updated.
#  recipe to execute (from 'Makefile', line 19):
	mv docs/styles/custom.css .
	rm -rf docs;
	mkdir -p docs/styles;
	mv custom.css docs/styles/;
	npx jsdoc -c .jsdocrc.json;

.PHONY: wams lint fix parcel docs tags test graphs report
#  Implicit rule search has not been done.
#  Modification time never checked.
#  File has not been updated.

graphs:
#  Phony target (prerequisite of .PHONY).
#  Implicit rule search has not been done.
#  File does not exist.
#  File has not been updated.
#  recipe to execute (from 'Makefile', line 32):
	npx arkit -c graphs/client.json
	npx arkit -c graphs/full.json
	npx arkit -c graphs/gestures.json
	npx arkit -c graphs/mixins.json
	npx arkit -c graphs/predefined.json
	npx arkit -c graphs/server.json
	npx arkit -c graphs/shared.json

tags:
#  Phony target (prerequisite of .PHONY).
#  Implicit rule search has not been done.
#  File does not exist.
#  File has not been updated.
#  recipe to execute (from 'Makefile', line 26):
	ctags -R src;

# files hash-table stats:
# Load=15/1024=1%, Rehash=0, Collisions=0/47=0%
# VPATH Search Paths

# No 'vpath' search paths.

# No general ('VPATH' variable) search path.

# strcache buffers: 1 (0) / strings = 40 / storage = 331 B / avg = 8 B
# current buf: size = 8162 B / used = 331 B / count = 40 / avg = 8 B

# strcache performance: lookups = 70 / hit rate = 42%
# hash-table stats:
# Load=40/8192=0%, Rehash=0, Collisions=0/70=0%
# Finished Make data base on Wed Jun  8 12:58:32 2022

 
